The HCMV genome (NC_006273.2) has 169 CDS.

sample	condition	min_tpm	med_tpm	mean_tpm	max_tpm

Donor1	2dpi	0.00	2043.78	5917.16	83945.40
Donor1	6dpi	0.00	1948.02	5917.16	181382.00
Donor3	2dpi	0.00	1852.19	5917.16	237447.00
Donor3	6dpi	0.00	1064.08	5917.16	402443.00
TPM results have been written to /home/2025/mbrady9/PipelineProject_Michaela_Brady/PipelineProject.log

Donor 1 (2dpi) had 20000 read pairs before Bowtie2 filtering and 16214 read pairs after.
Donor 1 (6dpi) had 20000 read pairs before Bowtie2 filtering and 13609 read pairs after.
Donor 3 (2dpi) had 20000 read pairs before Bowtie2 filtering and 14121 read pairs after.
Donor 3 (6dpi) had 20000 read pairs before Bowtie2 filtering and 10964 read pairs after.
Building a SMALL index

Running SPAdes for Donor 1 (2dpi)
spades.py -1 /home/2025/mbrady9/PipelineProject_Michaela_Brady/sample_data/sample_SRR5660030_1.fastq -2 /home/2025/mbrady9/PipelineProject_Michaela_Brady/sample_data/sample_SRR5660030_2.fastq -k 77 -o /home/2025/mbrady9/PipelineProject_Michaela_Brady/Donor_spades/Donor1_2dpi --careful --threads 4
Running SPAdes for Donor 1 (6dpi)
spades.py -1 /home/2025/mbrady9/PipelineProject_Michaela_Brady/sample_data/sample_SRR5660033_1.fastq -2 /home/2025/mbrady9/PipelineProject_Michaela_Brady/sample_data/sample_SRR5660033_2.fastq -k 77 -o /home/2025/mbrady9/PipelineProject_Michaela_Brady/Donor_spades/Donor1_6dpi --careful --threads 4
Running SPAdes for Donor 3 (2dpi)
spades.py -1 /home/2025/mbrady9/PipelineProject_Michaela_Brady/sample_data/sample_SRR5660045_1.fastq -2 /home/2025/mbrady9/PipelineProject_Michaela_Brady/sample_data/sample_SRR5660045_2.fastq -k 77 -o /home/2025/mbrady9/PipelineProject_Michaela_Brady/Donor_spades/Donor3_2dpi --careful --threads 4
Running SPAdes for Donor 3 (6dpi)
spades.py -1 /home/2025/mbrady9/PipelineProject_Michaela_Brady/sample_data/sample_SRR5660044_1.fastq -2 /home/2025/mbrady9/PipelineProject_Michaela_Brady/sample_data/sample_SRR5660044_2.fastq -k 77 -o /home/2025/mbrady9/PipelineProject_Michaela_Brady/Donor_spades/Donor3_6dpi --careful --threads 4
SPAdes assembly for all donors and timepoints completed.
Donor1:
sacc	pident	length	qstart	qend	sstart	send	bitscore	evalue	stitle
NC_006273.2	98.540	4040	1	4036	191136	187098	7129	0.0	NC_006273.2 Human herpesvirus 5 strain Merlin, complete genome
Donor1:
sacc	pident	length	qstart	qend	sstart	send	bitscore	evalue	stitle
NC_006273.2	98.540	4040	1	4036	191136	187098	7129	0.0	NC_006273.2 Human herpesvirus 5 strain Merlin, complete genome
Donor1:
sacc	pident	length	qstart	qend	sstart	send	bitscore	evalue	stitle
NC_006273.2	98.540	4040	1	4036	191136	187098	7129	0.0	NC_006273.2 Human herpesvirus 5 strain Merlin, complete genome
Donor3:
sacc	pident	length	qstart	qend	sstart	send	bitscore	evalue	stitle
NC_006273.2	98.221	843	2322	3164	9855	9013	1474	0.0	NC_006273.2 Human herpesvirus 5 strain Merlin, complete genome
Donor3:
sacc	pident	length	qstart	qend	sstart	send	bitscore	evalue	stitle
NC_006273.2	98.221	843	2322	3164	9855	9013	1474	0.0	NC_006273.2 Human herpesvirus 5 strain Merlin, complete genome
Donor3:
sacc	pident	length	qstart	qend	sstart	send	bitscore	evalue	stitle
NC_006273.2	98.221	843	2322	3164	9855	9013	1474	0.0	NC_006273.2 Human herpesvirus 5 strain Merlin, complete genome
Donor3:
sacc	pident	length	qstart	qend	sstart	send	bitscore	evalue	stitle
NC_006273.2	99.074	648	2322	2969	9855	9208	1164	0.0	NC_006273.2 Human herpesvirus 5 strain Merlin, complete genome
Donor3:
sacc	pident	length	qstart	qend	sstart	send	bitscore	evalue	stitle
NC_006273.2	98.920	648	2322	2969	9855	9208	1158	0.0	NC_006273.2 Human herpesvirus 5 strain Merlin, complete genome
Donor3:
sacc	pident	length	qstart	qend	sstart	send	bitscore	evalue	stitle
NC_006273.2	99.074	648	2322	2969	9855	9208	1164	0.0	NC_006273.2 Human herpesvirus 5 strain Merlin, complete genome
Donor1:
sacc	pident	length	qstart	qend	sstart	send	bitscore	evalue	stitle
NC_006273.2	97.076	2668	26	2693	178212	180879	4495	0.0	NC_006273.2 Human herpesvirus 5 strain Merlin, complete genome
NC_006273.2	93.827	81	3084	3164	181275	181355	122	1.56e-27	NC_006273.2 Human herpesvirus 5 strain Merlin, complete genome
NC_003521.1	71.581	468	1112	1570	181023	181481	111	3.38e-24	NC_003521.1 Panine herpesvirus 2 strain Heberling, complete genome
Donor1:
sacc	pident	length	qstart	qend	sstart	send	bitscore	evalue	stitle
NC_006273.2	97.075	2667	27	2693	178213	180879	4494	0.0	NC_006273.2 Human herpesvirus 5 strain Merlin, complete genome
NC_006273.2	93.827	81	3084	3164	181275	181355	122	1.56e-27	NC_006273.2 Human herpesvirus 5 strain Merlin, complete genome
NC_003521.1	71.581	468	1112	1570	181023	181481	111	3.38e-24	NC_003521.1 Panine herpesvirus 2 strain Heberling, complete genome
Donor1:
sacc	pident	length	qstart	qend	sstart	send	bitscore	evalue	stitle
NC_006273.2	97.076	2668	26	2693	178212	180879	4495	0.0	NC_006273.2 Human herpesvirus 5 strain Merlin, complete genome
NC_006273.2	93.827	81	3084	3164	181275	181355	122	1.56e-27	NC_006273.2 Human herpesvirus 5 strain Merlin, complete genome
NC_003521.1	71.581	468	1112	1570	181023	181481	111	3.38e-24	NC_003521.1 Panine herpesvirus 2 strain Heberling, complete genome
